{"/home/aryaniyaps/web-projects/graphql-notes/client/src/main.tsx": {"path":"/home/aryaniyaps/web-projects/graphql-notes/client/src/main.tsx","statementMap":{"0":{"start":{"line":10,"column":0},"end":{"line":18,"column":2}}},"fnMap":{},"branchMap":{},"s":{"0":0},"f":{},"b":{}}
,"/home/aryaniyaps/web-projects/graphql-notes/client/src/router.tsx": {"path":"/home/aryaniyaps/web-projects/graphql-notes/client/src/router.tsx","statementMap":{"0":{"start":{"line":4,"column":15},"end":{"line":9,"column":2}}},"fnMap":{},"branchMap":{},"s":{"0":0},"f":{},"b":{}}
,"/home/aryaniyaps/web-projects/graphql-notes/client/src/components/LoadingScreen.tsx": {"path":"/home/aryaniyaps/web-projects/graphql-notes/client/src/components/LoadingScreen.tsx","statementMap":{"0":{"start":{"line":4,"column":2},"end":{"line":21,"column":4}}},"fnMap":{"0":{"name":"LoadingScreen","decl":{"start":{"line":3,"column":24},"end":{"line":3,"column":37}},"loc":{"start":{"line":3,"column":40},"end":{"line":22,"column":1}},"line":3}},"branchMap":{},"s":{"0":0},"f":{"0":0},"b":{}}
,"/home/aryaniyaps/web-projects/graphql-notes/client/src/components/icons.tsx": {"path":"/home/aryaniyaps/web-projects/graphql-notes/client/src/components/icons.tsx","statementMap":{"0":{"start":{"line":45,"column":21},"end":{"line":186,"column":1}},"1":{"start":{"line":47,"column":4},"end":{"line":57,"column":10}},"2":{"start":{"line":97,"column":4},"end":{"line":102,"column":10}},"3":{"start":{"line":105,"column":4},"end":{"line":115,"column":10}},"4":{"start":{"line":118,"column":4},"end":{"line":120,"column":10}},"5":{"start":{"line":123,"column":4},"end":{"line":128,"column":10}},"6":{"start":{"line":131,"column":4},"end":{"line":136,"column":10}},"7":{"start":{"line":139,"column":4},"end":{"line":144,"column":10}},"8":{"start":{"line":147,"column":4},"end":{"line":152,"column":10}},"9":{"start":{"line":155,"column":4},"end":{"line":160,"column":10}},"10":{"start":{"line":163,"column":4},"end":{"line":168,"column":10}},"11":{"start":{"line":171,"column":4},"end":{"line":176,"column":10}},"12":{"start":{"line":179,"column":4},"end":{"line":184,"column":10}}},"fnMap":{"0":{"name":"(anonymous_0)","decl":{"start":{"line":46,"column":8},"end":{"line":46,"column":9}},"loc":{"start":{"line":47,"column":4},"end":{"line":57,"column":10}},"line":47},"1":{"name":"(anonymous_1)","decl":{"start":{"line":96,"column":10},"end":{"line":96,"column":11}},"loc":{"start":{"line":97,"column":4},"end":{"line":102,"column":10}},"line":97},"2":{"name":"(anonymous_2)","decl":{"start":{"line":104,"column":9},"end":{"line":104,"column":10}},"loc":{"start":{"line":105,"column":4},"end":{"line":115,"column":10}},"line":105},"3":{"name":"(anonymous_3)","decl":{"start":{"line":117,"column":8},"end":{"line":117,"column":9}},"loc":{"start":{"line":118,"column":4},"end":{"line":120,"column":10}},"line":118},"4":{"name":"(anonymous_4)","decl":{"start":{"line":122,"column":7},"end":{"line":122,"column":8}},"loc":{"start":{"line":123,"column":4},"end":{"line":128,"column":10}},"line":123},"5":{"name":"(anonymous_5)","decl":{"start":{"line":130,"column":8},"end":{"line":130,"column":9}},"loc":{"start":{"line":131,"column":4},"end":{"line":136,"column":10}},"line":131},"6":{"name":"(anonymous_6)","decl":{"start":{"line":138,"column":8},"end":{"line":138,"column":9}},"loc":{"start":{"line":139,"column":4},"end":{"line":144,"column":10}},"line":139},"7":{"name":"(anonymous_7)","decl":{"start":{"line":146,"column":9},"end":{"line":146,"column":10}},"loc":{"start":{"line":147,"column":4},"end":{"line":152,"column":10}},"line":147},"8":{"name":"(anonymous_8)","decl":{"start":{"line":154,"column":12},"end":{"line":154,"column":13}},"loc":{"start":{"line":155,"column":4},"end":{"line":160,"column":10}},"line":155},"9":{"name":"(anonymous_9)","decl":{"start":{"line":162,"column":10},"end":{"line":162,"column":11}},"loc":{"start":{"line":163,"column":4},"end":{"line":168,"column":10}},"line":163},"10":{"name":"(anonymous_10)","decl":{"start":{"line":170,"column":9},"end":{"line":170,"column":10}},"loc":{"start":{"line":171,"column":4},"end":{"line":176,"column":10}},"line":171},"11":{"name":"(anonymous_11)","decl":{"start":{"line":178,"column":10},"end":{"line":178,"column":11}},"loc":{"start":{"line":179,"column":4},"end":{"line":184,"column":10}},"line":179}},"branchMap":{},"s":{"0":0,"1":0,"2":0,"3":0,"4":0,"5":0,"6":0,"7":0,"8":0,"9":0,"10":0,"11":0,"12":0},"f":{"0":0,"1":0,"2":0,"3":0,"4":0,"5":0,"6":0,"7":0,"8":0,"9":0,"10":0,"11":0},"b":{}}
,"/home/aryaniyaps/web-projects/graphql-notes/client/src/components/home-page/Todo.tsx": {"path":"/home/aryaniyaps/web-projects/graphql-notes/client/src/components/home-page/Todo.tsx","statementMap":{"0":{"start":{"line":10,"column":28},"end":{"line":18,"column":1}},"1":{"start":{"line":21,"column":27},"end":{"line":33,"column":1}},"2":{"start":{"line":35,"column":36},"end":{"line":43,"column":1}},"3":{"start":{"line":52,"column":4},"end":{"line":52,"column":35}},"4":{"start":{"line":54,"column":4},"end":{"line":54,"column":44}},"5":{"start":{"line":55,"column":15},"end":{"line":55,"column":46}},"6":{"start":{"line":57,"column":2},"end":{"line":106,"column":4}},"7":{"start":{"line":79,"column":14},"end":{"line":81,"column":17}},"8":{"start":{"line":96,"column":14},"end":{"line":98,"column":17}}},"fnMap":{"0":{"name":"Todo","decl":{"start":{"line":50,"column":24},"end":{"line":50,"column":28}},"loc":{"start":{"line":50,"column":60},"end":{"line":107,"column":1}},"line":50},"1":{"name":"(anonymous_1)","decl":{"start":{"line":78,"column":21},"end":{"line":78,"column":22}},"loc":{"start":{"line":78,"column":27},"end":{"line":82,"column":13}},"line":78},"2":{"name":"(anonymous_2)","decl":{"start":{"line":95,"column":21},"end":{"line":95,"column":22}},"loc":{"start":{"line":95,"column":27},"end":{"line":99,"column":13}},"line":95}},"branchMap":{"0":{"loc":{"start":{"line":74,"column":19},"end":{"line":74,"column":77}},"type":"cond-expr","locations":[{"start":{"line":74,"column":36},"end":{"line":74,"column":56}},{"start":{"line":74,"column":59},"end":{"line":74,"column":77}}],"line":74},"1":{"loc":{"start":{"line":84,"column":13},"end":{"line":88,"column":13}},"type":"cond-expr","locations":[{"start":{"line":85,"column":14},"end":{"line":85,"column":49}},{"start":{"line":87,"column":14},"end":{"line":87,"column":49}}],"line":84}},"s":{"0":0,"1":0,"2":0,"3":0,"4":0,"5":0,"6":0,"7":0,"8":0},"f":{"0":0,"1":0,"2":0},"b":{"0":[0,0],"1":[0,0]}}
,"/home/aryaniyaps/web-projects/graphql-notes/client/src/components/home-page/TodoController.tsx": {"path":"/home/aryaniyaps/web-projects/graphql-notes/client/src/components/home-page/TodoController.tsx","statementMap":{"0":{"start":{"line":16,"column":31},"end":{"line":32,"column":1}},"1":{"start":{"line":34,"column":37},"end":{"line":47,"column":1}},"2":{"start":{"line":49,"column":25},"end":{"line":53,"column":2}},"3":{"start":{"line":60,"column":15},"end":{"line":60,"column":61}},"4":{"start":{"line":61,"column":47},"end":{"line":63,"column":3}},"5":{"start":{"line":65,"column":15},"end":{"line":68,"column":4}},"6":{"start":{"line":70,"column":68},"end":{"line":77,"column":3}},"7":{"start":{"line":73,"column":4},"end":{"line":73,"column":17}},"8":{"start":{"line":74,"column":4},"end":{"line":76,"column":7}},"9":{"start":{"line":79,"column":2},"end":{"line":106,"column":4}},"10":{"start":{"line":89,"column":12},"end":{"line":98,"column":23}}},"fnMap":{"0":{"name":"TodoController","decl":{"start":{"line":59,"column":24},"end":{"line":59,"column":38}},"loc":{"start":{"line":59,"column":61},"end":{"line":107,"column":1}},"line":59},"1":{"name":"(anonymous_1)","decl":{"start":{"line":70,"column":68},"end":{"line":70,"column":69}},"loc":{"start":{"line":72,"column":7},"end":{"line":77,"column":3}},"line":72},"2":{"name":"(anonymous_2)","decl":{"start":{"line":88,"column":18},"end":{"line":88,"column":19}},"loc":{"start":{"line":89,"column":12},"end":{"line":98,"column":23}},"line":89}},"branchMap":{},"s":{"0":0,"1":0,"2":0,"3":0,"4":0,"5":0,"6":0,"7":0,"8":0,"9":0,"10":0},"f":{"0":0,"1":0,"2":0},"b":{}}
,"/home/aryaniyaps/web-projects/graphql-notes/client/src/components/home-page/TodoList.tsx": {"path":"/home/aryaniyaps/web-projects/graphql-notes/client/src/components/home-page/TodoList.tsx","statementMap":{"0":{"start":{"line":10,"column":25},"end":{"line":31,"column":1}},"1":{"start":{"line":38,"column":39},"end":{"line":38,"column":54}},"2":{"start":{"line":39,"column":29},"end":{"line":39,"column":79}},"3":{"start":{"line":42,"column":4},"end":{"line":44,"column":7}},"4":{"start":{"line":43,"column":6},"end":{"line":43,"column":18}},"5":{"start":{"line":47,"column":2},"end":{"line":55,"column":3}},"6":{"start":{"line":48,"column":4},"end":{"line":54,"column":6}},"7":{"start":{"line":57,"column":2},"end":{"line":80,"column":4}},"8":{"start":{"line":60,"column":8},"end":{"line":66,"column":10}}},"fnMap":{"0":{"name":"TodoList","decl":{"start":{"line":37,"column":24},"end":{"line":37,"column":32}},"loc":{"start":{"line":37,"column":55},"end":{"line":81,"column":1}},"line":37},"1":{"name":"loadMore","decl":{"start":{"line":41,"column":11},"end":{"line":41,"column":19}},"loc":{"start":{"line":41,"column":22},"end":{"line":45,"column":3}},"line":41},"2":{"name":"(anonymous_2)","decl":{"start":{"line":42,"column":27},"end":{"line":42,"column":28}},"loc":{"start":{"line":42,"column":33},"end":{"line":44,"column":5}},"line":42},"3":{"name":"(anonymous_3)","decl":{"start":{"line":59,"column":28},"end":{"line":59,"column":29}},"loc":{"start":{"line":59,"column":42},"end":{"line":67,"column":7}},"line":59}},"branchMap":{"0":{"loc":{"start":{"line":47,"column":2},"end":{"line":55,"column":3}},"type":"if","locations":[{"start":{"line":47,"column":2},"end":{"line":55,"column":3}},{"start":{},"end":{}}],"line":47},"1":{"loc":{"start":{"line":47,"column":6},"end":{"line":47,"column":71}},"type":"binary-expr","locations":[{"start":{"line":47,"column":6},"end":{"line":47,"column":35}},{"start":{"line":47,"column":39},"end":{"line":47,"column":71}}],"line":47},"2":{"loc":{"start":{"line":68,"column":7},"end":{"line":77,"column":7}},"type":"binary-expr","locations":[{"start":{"line":68,"column":7},"end":{"line":68,"column":38}},{"start":{"line":69,"column":8},"end":{"line":76,"column":17}}],"line":68},"3":{"loc":{"start":{"line":78,"column":7},"end":{"line":78,"column":34}},"type":"binary-expr","locations":[{"start":{"line":78,"column":7},"end":{"line":78,"column":16}},{"start":{"line":78,"column":20},"end":{"line":78,"column":34}}],"line":78}},"s":{"0":0,"1":0,"2":0,"3":0,"4":0,"5":0,"6":0,"7":0,"8":0},"f":{"0":0,"1":0,"2":0,"3":0},"b":{"0":[0,0],"1":[0,0],"2":[0,0],"3":[0,0]}}
,"/home/aryaniyaps/web-projects/graphql-notes/client/src/components/ui/button.tsx": {"path":"/home/aryaniyaps/web-projects/graphql-notes/client/src/components/ui/button.tsx","statementMap":{"0":{"start":{"line":7,"column":23},"end":{"line":34,"column":1}},"1":{"start":{"line":42,"column":15},"end":{"line":53,"column":1}},"2":{"start":{"line":44,"column":17},"end":{"line":44,"column":42}},"3":{"start":{"line":45,"column":4},"end":{"line":51,"column":6}},"4":{"start":{"line":54,"column":0},"end":{"line":54,"column":30}}},"fnMap":{"0":{"name":"(anonymous_0)","decl":{"start":{"line":43,"column":2},"end":{"line":43,"column":3}},"loc":{"start":{"line":43,"column":68},"end":{"line":52,"column":3}},"line":43}},"branchMap":{"0":{"loc":{"start":{"line":43,"column":31},"end":{"line":43,"column":46}},"type":"default-arg","locations":[{"start":{"line":43,"column":41},"end":{"line":43,"column":46}}],"line":43},"1":{"loc":{"start":{"line":44,"column":17},"end":{"line":44,"column":42}},"type":"cond-expr","locations":[{"start":{"line":44,"column":27},"end":{"line":44,"column":31}},{"start":{"line":44,"column":34},"end":{"line":44,"column":42}}],"line":44}},"s":{"0":0,"1":0,"2":0,"3":0,"4":0},"f":{"0":0},"b":{"0":[0],"1":[0,0]}}
,"/home/aryaniyaps/web-projects/graphql-notes/client/src/components/ui/card.tsx": {"path":"/home/aryaniyaps/web-projects/graphql-notes/client/src/components/ui/card.tsx","statementMap":{"0":{"start":{"line":5,"column":13},"end":{"line":17,"column":2}},"1":{"start":{"line":9,"column":2},"end":{"line":16,"column":4}},"2":{"start":{"line":18,"column":0},"end":{"line":18,"column":26}},"3":{"start":{"line":20,"column":19},"end":{"line":29,"column":2}},"4":{"start":{"line":24,"column":2},"end":{"line":28,"column":4}},"5":{"start":{"line":30,"column":0},"end":{"line":30,"column":38}},"6":{"start":{"line":32,"column":18},"end":{"line":44,"column":2}},"7":{"start":{"line":36,"column":2},"end":{"line":43,"column":4}},"8":{"start":{"line":45,"column":0},"end":{"line":45,"column":36}},"9":{"start":{"line":47,"column":24},"end":{"line":56,"column":2}},"10":{"start":{"line":51,"column":2},"end":{"line":55,"column":4}},"11":{"start":{"line":57,"column":0},"end":{"line":57,"column":48}},"12":{"start":{"line":59,"column":20},"end":{"line":64,"column":2}},"13":{"start":{"line":63,"column":2},"end":{"line":63,"column":68}},"14":{"start":{"line":65,"column":0},"end":{"line":65,"column":40}},"15":{"start":{"line":67,"column":19},"end":{"line":76,"column":2}},"16":{"start":{"line":71,"column":2},"end":{"line":75,"column":4}},"17":{"start":{"line":77,"column":0},"end":{"line":77,"column":38}}},"fnMap":{"0":{"name":"(anonymous_0)","decl":{"start":{"line":8,"column":2},"end":{"line":8,"column":3}},"loc":{"start":{"line":9,"column":2},"end":{"line":16,"column":4}},"line":9},"1":{"name":"(anonymous_1)","decl":{"start":{"line":23,"column":2},"end":{"line":23,"column":3}},"loc":{"start":{"line":24,"column":2},"end":{"line":28,"column":4}},"line":24},"2":{"name":"(anonymous_2)","decl":{"start":{"line":35,"column":2},"end":{"line":35,"column":3}},"loc":{"start":{"line":36,"column":2},"end":{"line":43,"column":4}},"line":36},"3":{"name":"(anonymous_3)","decl":{"start":{"line":50,"column":2},"end":{"line":50,"column":3}},"loc":{"start":{"line":51,"column":2},"end":{"line":55,"column":4}},"line":51},"4":{"name":"(anonymous_4)","decl":{"start":{"line":62,"column":2},"end":{"line":62,"column":3}},"loc":{"start":{"line":63,"column":2},"end":{"line":63,"column":68}},"line":63},"5":{"name":"(anonymous_5)","decl":{"start":{"line":70,"column":2},"end":{"line":70,"column":3}},"loc":{"start":{"line":71,"column":2},"end":{"line":75,"column":4}},"line":71}},"branchMap":{},"s":{"0":0,"1":0,"2":0,"3":0,"4":0,"5":0,"6":0,"7":0,"8":0,"9":0,"10":0,"11":0,"12":0,"13":0,"14":0,"15":0,"16":0,"17":0},"f":{"0":0,"1":0,"2":0,"3":0,"4":0,"5":0},"b":{}}
,"/home/aryaniyaps/web-projects/graphql-notes/client/src/components/ui/form.tsx": {"path":"/home/aryaniyaps/web-projects/graphql-notes/client/src/components/ui/form.tsx","statementMap":{"0":{"start":{"line":16,"column":13},"end":{"line":16,"column":25}},"1":{"start":{"line":25,"column":25},"end":{"line":27,"column":1}},"2":{"start":{"line":29,"column":18},"end":{"line":40,"column":1}},"3":{"start":{"line":35,"column":2},"end":{"line":39,"column":4}},"4":{"start":{"line":42,"column":21},"end":{"line":63,"column":1}},"5":{"start":{"line":43,"column":23},"end":{"line":43,"column":57}},"6":{"start":{"line":44,"column":22},"end":{"line":44,"column":55}},"7":{"start":{"line":45,"column":39},"end":{"line":45,"column":55}},"8":{"start":{"line":47,"column":21},"end":{"line":47,"column":64}},"9":{"start":{"line":49,"column":2},"end":{"line":51,"column":3}},"10":{"start":{"line":50,"column":4},"end":{"line":50,"column":70}},"11":{"start":{"line":53,"column":17},"end":{"line":53,"column":28}},"12":{"start":{"line":55,"column":2},"end":{"line":62,"column":4}},"13":{"start":{"line":69,"column":24},"end":{"line":71,"column":1}},"14":{"start":{"line":73,"column":17},"end":{"line":84,"column":2}},"15":{"start":{"line":77,"column":13},"end":{"line":77,"column":26}},"16":{"start":{"line":79,"column":2},"end":{"line":83,"column":4}},"17":{"start":{"line":85,"column":0},"end":{"line":85,"column":34}},"18":{"start":{"line":87,"column":18},"end":{"line":101,"column":2}},"19":{"start":{"line":91,"column":32},"end":{"line":91,"column":46}},"20":{"start":{"line":93,"column":2},"end":{"line":100,"column":4}},"21":{"start":{"line":102,"column":0},"end":{"line":102,"column":36}},"22":{"start":{"line":104,"column":20},"end":{"line":124,"column":2}},"23":{"start":{"line":109,"column":4},"end":{"line":109,"column":18}},"24":{"start":{"line":111,"column":2},"end":{"line":123,"column":4}},"25":{"start":{"line":125,"column":0},"end":{"line":125,"column":40}},"26":{"start":{"line":127,"column":24},"end":{"line":141,"column":2}},"27":{"start":{"line":131,"column":32},"end":{"line":131,"column":46}},"28":{"start":{"line":133,"column":2},"end":{"line":140,"column":4}},"29":{"start":{"line":142,"column":0},"end":{"line":142,"column":48}},"30":{"start":{"line":144,"column":20},"end":{"line":165,"column":2}},"31":{"start":{"line":148,"column":35},"end":{"line":148,"column":49}},"32":{"start":{"line":149,"column":15},"end":{"line":149,"column":56}},"33":{"start":{"line":151,"column":2},"end":{"line":153,"column":3}},"34":{"start":{"line":152,"column":4},"end":{"line":152,"column":16}},"35":{"start":{"line":155,"column":2},"end":{"line":164,"column":4}},"36":{"start":{"line":166,"column":0},"end":{"line":166,"column":40}}},"fnMap":{"0":{"name":"(anonymous_0)","decl":{"start":{"line":29,"column":18},"end":{"line":29,"column":19}},"loc":{"start":{"line":34,"column":44},"end":{"line":40,"column":1}},"line":34},"1":{"name":"(anonymous_1)","decl":{"start":{"line":42,"column":21},"end":{"line":42,"column":22}},"loc":{"start":{"line":42,"column":27},"end":{"line":63,"column":1}},"line":42},"2":{"name":"(anonymous_2)","decl":{"start":{"line":76,"column":2},"end":{"line":76,"column":3}},"loc":{"start":{"line":76,"column":36},"end":{"line":84,"column":1}},"line":76},"3":{"name":"(anonymous_3)","decl":{"start":{"line":90,"column":2},"end":{"line":90,"column":3}},"loc":{"start":{"line":90,"column":36},"end":{"line":101,"column":1}},"line":90},"4":{"name":"(anonymous_4)","decl":{"start":{"line":107,"column":2},"end":{"line":107,"column":3}},"loc":{"start":{"line":107,"column":25},"end":{"line":124,"column":1}},"line":107},"5":{"name":"(anonymous_5)","decl":{"start":{"line":130,"column":2},"end":{"line":130,"column":3}},"loc":{"start":{"line":130,"column":36},"end":{"line":141,"column":1}},"line":130},"6":{"name":"(anonymous_6)","decl":{"start":{"line":147,"column":2},"end":{"line":147,"column":3}},"loc":{"start":{"line":147,"column":46},"end":{"line":165,"column":1}},"line":147}},"branchMap":{"0":{"loc":{"start":{"line":49,"column":2},"end":{"line":51,"column":3}},"type":"if","locations":[{"start":{"line":49,"column":2},"end":{"line":51,"column":3}},{"start":{},"end":{}}],"line":49},"1":{"loc":{"start":{"line":96,"column":20},"end":{"line":96,"column":47}},"type":"binary-expr","locations":[{"start":{"line":96,"column":20},"end":{"line":96,"column":25}},{"start":{"line":96,"column":29},"end":{"line":96,"column":47}}],"line":96},"2":{"loc":{"start":{"line":116,"column":8},"end":{"line":118,"column":51}},"type":"cond-expr","locations":[{"start":{"line":117,"column":12},"end":{"line":117,"column":34}},{"start":{"line":118,"column":12},"end":{"line":118,"column":51}}],"line":116},"3":{"loc":{"start":{"line":149,"column":15},"end":{"line":149,"column":56}},"type":"cond-expr","locations":[{"start":{"line":149,"column":23},"end":{"line":149,"column":45}},{"start":{"line":149,"column":48},"end":{"line":149,"column":56}}],"line":149},"4":{"loc":{"start":{"line":151,"column":2},"end":{"line":153,"column":3}},"type":"if","locations":[{"start":{"line":151,"column":2},"end":{"line":153,"column":3}},{"start":{},"end":{}}],"line":151}},"s":{"0":0,"1":0,"2":0,"3":0,"4":0,"5":0,"6":0,"7":0,"8":0,"9":0,"10":0,"11":0,"12":0,"13":0,"14":0,"15":0,"16":0,"17":0,"18":0,"19":0,"20":0,"21":0,"22":0,"23":0,"24":0,"25":0,"26":0,"27":0,"28":0,"29":0,"30":0,"31":0,"32":0,"33":0,"34":0,"35":0,"36":0},"f":{"0":0,"1":0,"2":0,"3":0,"4":0,"5":0,"6":0},"b":{"0":[0,0],"1":[0,0],"2":[0,0],"3":[0,0],"4":[0,0]}}
,"/home/aryaniyaps/web-projects/graphql-notes/client/src/components/ui/input.tsx": {"path":"/home/aryaniyaps/web-projects/graphql-notes/client/src/components/ui/input.tsx","statementMap":{"0":{"start":{"line":8,"column":14},"end":{"line":22,"column":1}},"1":{"start":{"line":10,"column":4},"end":{"line":20,"column":6}},"2":{"start":{"line":23,"column":0},"end":{"line":23,"column":28}}},"fnMap":{"0":{"name":"(anonymous_0)","decl":{"start":{"line":9,"column":2},"end":{"line":9,"column":3}},"loc":{"start":{"line":9,"column":42},"end":{"line":21,"column":3}},"line":9}},"branchMap":{},"s":{"0":0,"1":0,"2":0},"f":{"0":0},"b":{}}
,"/home/aryaniyaps/web-projects/graphql-notes/client/src/components/ui/label.tsx": {"path":"/home/aryaniyaps/web-projects/graphql-notes/client/src/components/ui/label.tsx","statementMap":{"0":{"start":{"line":7,"column":22},"end":{"line":9,"column":1}},"1":{"start":{"line":11,"column":14},"end":{"line":21,"column":2}},"2":{"start":{"line":16,"column":2},"end":{"line":20,"column":4}},"3":{"start":{"line":22,"column":0},"end":{"line":22,"column":52}}},"fnMap":{"0":{"name":"(anonymous_0)","decl":{"start":{"line":15,"column":2},"end":{"line":15,"column":3}},"loc":{"start":{"line":16,"column":2},"end":{"line":20,"column":4}},"line":16}},"branchMap":{},"s":{"0":0,"1":0,"2":0,"3":0},"f":{"0":0},"b":{}}
,"/home/aryaniyaps/web-projects/graphql-notes/client/src/components/ui/scroll-area.tsx": {"path":"/home/aryaniyaps/web-projects/graphql-notes/client/src/components/ui/scroll-area.tsx","statementMap":{"0":{"start":{"line":6,"column":19},"end":{"line":21,"column":2}},"1":{"start":{"line":10,"column":2},"end":{"line":20,"column":29}},"2":{"start":{"line":22,"column":0},"end":{"line":22,"column":62}},"3":{"start":{"line":24,"column":18},"end":{"line":43,"column":2}},"4":{"start":{"line":28,"column":2},"end":{"line":42,"column":44}},"5":{"start":{"line":44,"column":0},"end":{"line":44,"column":76}}},"fnMap":{"0":{"name":"(anonymous_0)","decl":{"start":{"line":9,"column":2},"end":{"line":9,"column":3}},"loc":{"start":{"line":10,"column":2},"end":{"line":20,"column":29}},"line":10},"1":{"name":"(anonymous_1)","decl":{"start":{"line":27,"column":2},"end":{"line":27,"column":3}},"loc":{"start":{"line":28,"column":2},"end":{"line":42,"column":44}},"line":28}},"branchMap":{"0":{"loc":{"start":{"line":27,"column":16},"end":{"line":27,"column":40}},"type":"default-arg","locations":[{"start":{"line":27,"column":30},"end":{"line":27,"column":40}}],"line":27},"1":{"loc":{"start":{"line":33,"column":6},"end":{"line":34,"column":60}},"type":"binary-expr","locations":[{"start":{"line":33,"column":6},"end":{"line":33,"column":32}},{"start":{"line":34,"column":8},"end":{"line":34,"column":60}}],"line":33},"2":{"loc":{"start":{"line":35,"column":6},"end":{"line":36,"column":62}},"type":"binary-expr","locations":[{"start":{"line":35,"column":6},"end":{"line":35,"column":34}},{"start":{"line":36,"column":8},"end":{"line":36,"column":62}}],"line":35}},"s":{"0":0,"1":0,"2":0,"3":0,"4":0,"5":0},"f":{"0":0,"1":0},"b":{"0":[0],"1":[0,0],"2":[0,0]}}
,"/home/aryaniyaps/web-projects/graphql-notes/client/src/components/ui/skeleton.tsx": {"path":"/home/aryaniyaps/web-projects/graphql-notes/client/src/components/ui/skeleton.tsx","statementMap":{"0":{"start":{"line":7,"column":2},"end":{"line":12,"column":4}}},"fnMap":{"0":{"name":"Skeleton","decl":{"start":{"line":3,"column":9},"end":{"line":3,"column":17}},"loc":{"start":{"line":6,"column":41},"end":{"line":13,"column":1}},"line":6}},"branchMap":{},"s":{"0":0},"f":{"0":0},"b":{}}
,"/home/aryaniyaps/web-projects/graphql-notes/client/src/components/ui/textarea.tsx": {"path":"/home/aryaniyaps/web-projects/graphql-notes/client/src/components/ui/textarea.tsx","statementMap":{"0":{"start":{"line":8,"column":17},"end":{"line":21,"column":1}},"1":{"start":{"line":10,"column":4},"end":{"line":19,"column":6}},"2":{"start":{"line":22,"column":0},"end":{"line":22,"column":34}}},"fnMap":{"0":{"name":"(anonymous_0)","decl":{"start":{"line":9,"column":2},"end":{"line":9,"column":3}},"loc":{"start":{"line":9,"column":36},"end":{"line":20,"column":3}},"line":9}},"branchMap":{},"s":{"0":0,"1":0,"2":0},"f":{"0":0},"b":{}}
,"/home/aryaniyaps/web-projects/graphql-notes/client/src/layouts/HomePageLayout.tsx": {"path":"/home/aryaniyaps/web-projects/graphql-notes/client/src/layouts/HomePageLayout.tsx","statementMap":{"0":{"start":{"line":4,"column":2},"end":{"line":8,"column":4}}},"fnMap":{"0":{"name":"HomePageLayout","decl":{"start":{"line":3,"column":24},"end":{"line":3,"column":38}},"loc":{"start":{"line":3,"column":78},"end":{"line":9,"column":1}},"line":3}},"branchMap":{},"s":{"0":0},"f":{"0":0},"b":{}}
,"/home/aryaniyaps/web-projects/graphql-notes/client/src/lib/intl.ts": {"path":"/home/aryaniyaps/web-projects/graphql-notes/client/src/lib/intl.ts","statementMap":{"0":{"start":{"line":1,"column":19},"end":{"line":3,"column":2}}},"fnMap":{},"branchMap":{},"s":{"0":0},"f":{},"b":{}}
,"/home/aryaniyaps/web-projects/graphql-notes/client/src/lib/relay-environment.ts": {"path":"/home/aryaniyaps/web-projects/graphql-notes/client/src/lib/relay-environment.ts","statementMap":{"0":{"start":{"line":22,"column":19},"end":{"line":29,"column":4}},"1":{"start":{"line":31,"column":2},"end":{"line":31,"column":63}},"2":{"start":{"line":31,"column":49},"end":{"line":31,"column":60}},"3":{"start":{"line":38,"column":18},"end":{"line":38,"column":47}},"4":{"start":{"line":39,"column":16},"end":{"line":39,"column":45}},"5":{"start":{"line":40,"column":2},"end":{"line":40,"column":45}},"6":{"start":{"line":43,"column":20},"end":{"line":43,"column":39}}},"fnMap":{"0":{"name":"fetchFunction","decl":{"start":{"line":21,"column":9},"end":{"line":21,"column":22}},"loc":{"start":{"line":21,"column":72},"end":{"line":32,"column":1}},"line":21},"1":{"name":"(anonymous_1)","decl":{"start":{"line":31,"column":39},"end":{"line":31,"column":40}},"loc":{"start":{"line":31,"column":49},"end":{"line":31,"column":60}},"line":31},"2":{"name":"createEnvironment","decl":{"start":{"line":37,"column":9},"end":{"line":37,"column":26}},"loc":{"start":{"line":37,"column":29},"end":{"line":41,"column":1}},"line":37}},"branchMap":{},"s":{"0":0,"1":0,"2":0,"3":0,"4":0,"5":0,"6":0},"f":{"0":0,"1":0,"2":0},"b":{}}
,"/home/aryaniyaps/web-projects/graphql-notes/client/src/lib/utils.ts": {"path":"/home/aryaniyaps/web-projects/graphql-notes/client/src/lib/utils.ts","statementMap":{"0":{"start":{"line":5,"column":2},"end":{"line":5,"column":30}}},"fnMap":{"0":{"name":"cn","decl":{"start":{"line":4,"column":16},"end":{"line":4,"column":18}},"loc":{"start":{"line":4,"column":44},"end":{"line":6,"column":1}},"line":4}},"branchMap":{},"s":{"0":0},"f":{"0":0},"b":{}}
,"/home/aryaniyaps/web-projects/graphql-notes/client/src/pages/HomePage.tsx": {"path":"/home/aryaniyaps/web-projects/graphql-notes/client/src/pages/HomePage.tsx","statementMap":{"0":{"start":{"line":7,"column":22},"end":{"line":12,"column":1}},"1":{"start":{"line":14,"column":20},"end":{"line":14,"column":74}},"2":{"start":{"line":15,"column":2},"end":{"line":22,"column":4}}},"fnMap":{"0":{"name":"HomePage","decl":{"start":{"line":13,"column":24},"end":{"line":13,"column":32}},"loc":{"start":{"line":13,"column":35},"end":{"line":23,"column":1}},"line":13}},"branchMap":{},"s":{"0":0,"1":0,"2":0},"f":{"0":0},"b":{}}
}
