TN:
SF:src/main.tsx
FNF:0
FNH:0
DA:10,0
LF:1
LH:0
BRF:0
BRH:0
end_of_record
TN:
SF:src/router.tsx
FNF:0
FNH:0
DA:4,0
LF:1
LH:0
BRF:0
BRH:0
end_of_record
TN:
SF:src/components/LoadingScreen.tsx
FN:3,LoadingScreen
FNF:1
FNH:0
FNDA:0,LoadingScreen
DA:4,0
LF:1
LH:0
BRF:0
BRH:0
end_of_record
TN:
SF:src/components/icons.tsx
FN:46,(anonymous_0)
FN:96,(anonymous_1)
FN:104,(anonymous_2)
FN:117,(anonymous_3)
FN:122,(anonymous_4)
FN:130,(anonymous_5)
FN:138,(anonymous_6)
FN:146,(anonymous_7)
FN:154,(anonymous_8)
FN:162,(anonymous_9)
FN:170,(anonymous_10)
FN:178,(anonymous_11)
FNF:12
FNH:0
FNDA:0,(anonymous_0)
FNDA:0,(anonymous_1)
FNDA:0,(anonymous_2)
FNDA:0,(anonymous_3)
FNDA:0,(anonymous_4)
FNDA:0,(anonymous_5)
FNDA:0,(anonymous_6)
FNDA:0,(anonymous_7)
FNDA:0,(anonymous_8)
FNDA:0,(anonymous_9)
FNDA:0,(anonymous_10)
FNDA:0,(anonymous_11)
DA:45,0
DA:47,0
DA:97,0
DA:105,0
DA:118,0
DA:123,0
DA:131,0
DA:139,0
DA:147,0
DA:155,0
DA:163,0
DA:171,0
DA:179,0
LF:13
LH:0
BRF:0
BRH:0
end_of_record
TN:
SF:src/components/home-page/Todo.tsx
FN:50,Todo
FN:78,(anonymous_1)
FN:95,(anonymous_2)
FNF:3
FNH:0
FNDA:0,Todo
FNDA:0,(anonymous_1)
FNDA:0,(anonymous_2)
DA:10,0
DA:21,0
DA:35,0
DA:52,0
DA:54,0
DA:55,0
DA:57,0
DA:79,0
DA:96,0
LF:9
LH:0
BRDA:74,0,0,0
BRDA:74,0,1,0
BRDA:84,1,0,0
BRDA:84,1,1,0
BRF:4
BRH:0
end_of_record
TN:
SF:src/components/home-page/TodoController.tsx
FN:59,TodoController
FN:70,(anonymous_1)
FN:88,(anonymous_2)
FNF:3
FNH:0
FNDA:0,TodoController
FNDA:0,(anonymous_1)
FNDA:0,(anonymous_2)
DA:16,0
DA:34,0
DA:49,0
DA:60,0
DA:61,0
DA:65,0
DA:70,0
DA:73,0
DA:74,0
DA:79,0
DA:89,0
LF:11
LH:0
BRF:0
BRH:0
end_of_record
TN:
SF:src/components/home-page/TodoList.tsx
FN:37,TodoList
FN:41,loadMore
FN:42,(anonymous_2)
FN:59,(anonymous_3)
FNF:4
FNH:0
FNDA:0,TodoList
FNDA:0,loadMore
FNDA:0,(anonymous_2)
FNDA:0,(anonymous_3)
DA:10,0
DA:38,0
DA:39,0
DA:42,0
DA:43,0
DA:47,0
DA:48,0
DA:57,0
DA:60,0
LF:9
LH:0
BRDA:47,0,0,0
BRDA:47,0,1,0
BRDA:47,1,0,0
BRDA:47,1,1,0
BRDA:68,2,0,0
BRDA:68,2,1,0
BRDA:78,3,0,0
BRDA:78,3,1,0
BRF:8
BRH:0
end_of_record
TN:
SF:src/components/home-page/__generated__/TodoControllerCreateMutation.graphql.ts
FN:31,(anonymous_0)
FNF:1
FNH:0
FNDA:0,(anonymous_0)
DA:31,0
DA:32,0
DA:37,0
DA:42,0
DA:49,0
DA:207,0
LF:6
LH:0
BRF:0
BRH:0
end_of_record
TN:
SF:src/components/home-page/__generated__/TodoControllerFragment.graphql.ts
FN:27,(anonymous_0)
FNF:1
FNH:0
FNDA:0,(anonymous_0)
DA:27,0
DA:28,0
DA:35,0
DA:148,0
LF:4
LH:0
BRF:0
BRH:0
end_of_record
TN:
SF:src/components/home-page/__generated__/TodoDeleteMutation.graphql.ts
FN:34,(anonymous_0)
FNF:1
FNH:0
FNDA:0,(anonymous_0)
DA:34,0
DA:35,0
DA:40,0
DA:45,0
DA:52,0
DA:59,0
DA:66,0
DA:69,0
DA:83,0
DA:181,0
LF:10
LH:0
BRF:0
BRH:0
end_of_record
TN:
SF:src/components/home-page/__generated__/TodoFragment.graphql.ts
FNF:0
FNH:0
DA:26,0
DA:72,0
LF:2
LH:0
BRF:0
BRH:0
end_of_record
TN:
SF:src/components/home-page/__generated__/TodoListFragment.graphql.ts
FN:35,(anonymous_0)
FNF:1
FNH:0
FNDA:0,(anonymous_0)
DA:35,0
DA:36,0
DA:39,0
DA:179,0
LF:4
LH:0
BRF:0
BRH:0
end_of_record
TN:
SF:src/components/home-page/__generated__/TodoListPaginationQuery.graphql.ts
FN:25,(anonymous_0)
FNF:1
FNH:0
FNDA:0,(anonymous_0)
DA:25,0
DA:26,0
DA:38,0
DA:50,0
DA:224,0
LF:5
LH:0
BRF:0
BRH:0
end_of_record
TN:
SF:src/components/home-page/__generated__/TodoListQuery.graphql.ts
FN:31,(anonymous_0)
FNF:1
FNH:0
FNDA:0,(anonymous_0)
DA:31,0
DA:32,0
DA:50,0
DA:181,0
LF:4
LH:0
BRF:0
BRH:0
end_of_record
TN:
SF:src/components/home-page/__generated__/TodoToggleCompleteMutation.graphql.ts
FN:26,(anonymous_0)
FNF:1
FNH:0
FNDA:0,(anonymous_0)
DA:26,0
DA:27,0
DA:34,0
DA:41,0
DA:48,0
DA:163,0
LF:6
LH:0
BRF:0
BRH:0
end_of_record
TN:
SF:src/components/ui/button.tsx
FN:43,(anonymous_0)
FNF:1
FNH:0
FNDA:0,(anonymous_0)
DA:7,0
DA:42,0
DA:44,0
DA:45,0
DA:54,0
LF:5
LH:0
BRDA:43,0,0,0
BRDA:44,1,0,0
BRDA:44,1,1,0
BRF:3
BRH:0
end_of_record
TN:
SF:src/components/ui/card.tsx
FN:8,(anonymous_0)
FN:23,(anonymous_1)
FN:35,(anonymous_2)
FN:50,(anonymous_3)
FN:62,(anonymous_4)
FN:70,(anonymous_5)
FNF:6
FNH:0
FNDA:0,(anonymous_0)
FNDA:0,(anonymous_1)
FNDA:0,(anonymous_2)
FNDA:0,(anonymous_3)
FNDA:0,(anonymous_4)
FNDA:0,(anonymous_5)
DA:5,0
DA:9,0
DA:18,0
DA:20,0
DA:24,0
DA:30,0
DA:32,0
DA:36,0
DA:45,0
DA:47,0
DA:51,0
DA:57,0
DA:59,0
DA:63,0
DA:65,0
DA:67,0
DA:71,0
DA:77,0
LF:18
LH:0
BRF:0
BRH:0
end_of_record
TN:
SF:src/components/ui/form.tsx
FN:29,(anonymous_0)
FN:42,(anonymous_1)
FN:76,(anonymous_2)
FN:90,(anonymous_3)
FN:107,(anonymous_4)
FN:130,(anonymous_5)
FN:147,(anonymous_6)
FNF:7
FNH:0
FNDA:0,(anonymous_0)
FNDA:0,(anonymous_1)
FNDA:0,(anonymous_2)
FNDA:0,(anonymous_3)
FNDA:0,(anonymous_4)
FNDA:0,(anonymous_5)
FNDA:0,(anonymous_6)
DA:16,0
DA:25,0
DA:29,0
DA:35,0
DA:42,0
DA:43,0
DA:44,0
DA:45,0
DA:47,0
DA:49,0
DA:50,0
DA:53,0
DA:55,0
DA:69,0
DA:73,0
DA:77,0
DA:79,0
DA:85,0
DA:87,0
DA:91,0
DA:93,0
DA:102,0
DA:104,0
DA:109,0
DA:111,0
DA:125,0
DA:127,0
DA:131,0
DA:133,0
DA:142,0
DA:144,0
DA:148,0
DA:149,0
DA:151,0
DA:152,0
DA:155,0
DA:166,0
LF:37
LH:0
BRDA:49,0,0,0
BRDA:49,0,1,0
BRDA:96,1,0,0
BRDA:96,1,1,0
BRDA:116,2,0,0
BRDA:116,2,1,0
BRDA:149,3,0,0
BRDA:149,3,1,0
BRDA:151,4,0,0
BRDA:151,4,1,0
BRF:10
BRH:0
end_of_record
TN:
SF:src/components/ui/input.tsx
FN:9,(anonymous_0)
FNF:1
FNH:0
FNDA:0,(anonymous_0)
DA:8,0
DA:10,0
DA:23,0
LF:3
LH:0
BRF:0
BRH:0
end_of_record
TN:
SF:src/components/ui/label.tsx
FN:15,(anonymous_0)
FNF:1
FNH:0
FNDA:0,(anonymous_0)
DA:7,0
DA:11,0
DA:16,0
DA:22,0
LF:4
LH:0
BRF:0
BRH:0
end_of_record
TN:
SF:src/components/ui/scroll-area.tsx
FN:9,(anonymous_0)
FN:27,(anonymous_1)
FNF:2
FNH:0
FNDA:0,(anonymous_0)
FNDA:0,(anonymous_1)
DA:6,0
DA:10,0
DA:22,0
DA:24,0
DA:28,0
DA:44,0
LF:6
LH:0
BRDA:27,0,0,0
BRDA:33,1,0,0
BRDA:33,1,1,0
BRDA:35,2,0,0
BRDA:35,2,1,0
BRF:5
BRH:0
end_of_record
TN:
SF:src/components/ui/skeleton.tsx
FN:3,Skeleton
FNF:1
FNH:0
FNDA:0,Skeleton
DA:7,0
LF:1
LH:0
BRF:0
BRH:0
end_of_record
TN:
SF:src/components/ui/textarea.tsx
FN:9,(anonymous_0)
FNF:1
FNH:0
FNDA:0,(anonymous_0)
DA:8,0
DA:10,0
DA:22,0
LF:3
LH:0
BRF:0
BRH:0
end_of_record
TN:
SF:src/layouts/HomePageLayout.tsx
FN:3,HomePageLayout
FNF:1
FNH:0
FNDA:0,HomePageLayout
DA:4,0
LF:1
LH:0
BRF:0
BRH:0
end_of_record
TN:
SF:src/lib/intl.ts
FNF:0
FNH:0
DA:1,0
LF:1
LH:0
BRF:0
BRH:0
end_of_record
TN:
SF:src/lib/relay-environment.ts
FN:21,fetchFunction
FN:31,(anonymous_1)
FN:37,createEnvironment
FNF:3
FNH:0
FNDA:0,fetchFunction
FNDA:0,(anonymous_1)
FNDA:0,createEnvironment
DA:22,0
DA:31,0
DA:38,0
DA:39,0
DA:40,0
DA:43,0
LF:6
LH:0
BRF:0
BRH:0
end_of_record
TN:
SF:src/lib/utils.ts
FN:4,cn
FNF:1
FNH:0
FNDA:0,cn
DA:5,0
LF:1
LH:0
BRF:0
BRH:0
end_of_record
TN:
SF:src/pages/HomePage.tsx
FN:13,HomePage
FNF:1
FNH:0
FNDA:0,HomePage
DA:7,0
DA:14,0
DA:15,0
LF:3
LH:0
BRF:0
BRH:0
end_of_record
TN:
SF:src/pages/__generated__/HomePageQuery.graphql.ts
FN:22,(anonymous_0)
FNF:1
FNH:0
FNDA:0,(anonymous_0)
DA:22,0
DA:23,0
DA:30,0
DA:37,0
DA:200,0
LF:5
LH:0
BRF:0
BRH:0
end_of_record
